This file contains any messages produced by compilers while
running configure, to aid debugging if configure makes a mistake.

It was created by gc configure 6.7, which was
generated by GNU Autoconf 2.59.  Invocation command line was

  $ ./configure --prefix=/home/julian/amd64Tiger/gc/ --disable-threads

## --------- ##
## Platform. ##
## --------- ##

hostname = Maquinola
uname -m = x86_64
uname -r = 2.6.15-27-amd64-generic
uname -s = Linux
uname -v = #1 SMP PREEMPT Sat Sep 16 01:50:50 UTC 2006

/usr/bin/uname -p = unknown
/bin/uname -X     = unknown

/bin/arch              = x86_64
/usr/bin/arch -k       = unknown
/usr/convex/getsysinfo = unknown
hostinfo               = unknown
/bin/machine           = unknown
/usr/bin/oslevel       = unknown
/bin/universe          = unknown

PATH: /usr/local/sbin
PATH: /usr/local/bin
PATH: /usr/sbin
PATH: /usr/bin
PATH: /sbin
PATH: /bin
PATH: /usr/bin/X11
PATH: /usr/games


## ----------- ##
## Core tests. ##
## ----------- ##

configure:1553: checking build system type
configure:1571: result: x86_64-unknown-linux-gnu
configure:1579: checking host system type
configure:1593: result: x86_64-unknown-linux-gnu
configure:1601: checking target system type
configure:1615: result: x86_64-unknown-linux-gnu
configure:1632: checking GC version numbers
configure:1670: result: major=6 minor=7 
configure:1688: checking for a BSD-compatible install
configure:1743: result: /usr/bin/install -c
configure:1754: checking whether build environment is sane
configure:1797: result: yes
configure:1862: checking for gawk
configure:1891: result: no
configure:1862: checking for mawk
configure:1878: found /usr/bin/mawk
configure:1888: result: mawk
configure:1898: checking whether make sets $(MAKE)
configure:1918: result: yes
configure:2136: checking for gcc
configure:2152: found /usr/bin/gcc
configure:2162: result: gcc
configure:2406: checking for C compiler version
configure:2409: gcc --version </dev/null >&5
gcc (GCC) 4.0.3 (Ubuntu 4.0.3-1ubuntu5)
Copyright (C) 2006 Free Software Foundation, Inc.
This is free software; see the source for copying conditions.  There is NO
warranty; not even for MERCHANTABILITY or FITNESS FOR A PARTICULAR PURPOSE.

configure:2412: $? = 0
configure:2414: gcc -v </dev/null >&5
Using built-in specs.
Target: x86_64-linux-gnu
Configured with: ../src/configure -v --enable-languages=c,c++,java,f95,objc,ada,treelang --prefix=/usr --enable-shared --with-system-zlib --libexecdir=/usr/lib --without-included-gettext --enable-threads=posix --enable-nls --program-suffix=-4.0 --enable-__cxa_atexit --enable-clocale=gnu --enable-libstdcxx-debug --enable-java-awt=gtk-default --enable-gtk-cairo --with-java-home=/usr/lib/jvm/java-1.4.2-gcj-4.0-1.4.2.0/jre --enable-mpfr --disable-werror --enable-checking=release x86_64-linux-gnu
Thread model: posix
gcc version 4.0.3 (Ubuntu 4.0.3-1ubuntu5)
configure:2417: $? = 0
configure:2419: gcc -V </dev/null >&5
gcc: '-V' option must have argument
configure:2422: $? = 1
configure:2445: checking for C compiler default output file name
configure:2448: gcc    conftest.c  >&5
configure:2451: $? = 0
configure:2497: result: a.out
configure:2502: checking whether the C compiler works
configure:2508: ./a.out
configure:2511: $? = 0
configure:2528: result: yes
configure:2535: checking whether we are cross compiling
configure:2537: result: no
configure:2540: checking for suffix of executables
configure:2542: gcc -o conftest    conftest.c  >&5
configure:2545: $? = 0
configure:2570: result: 
configure:2576: checking for suffix of object files
configure:2597: gcc -c   conftest.c >&5
configure:2600: $? = 0
configure:2622: result: o
configure:2626: checking whether we are using the GNU C compiler
configure:2650: gcc -c   conftest.c >&5
configure:2656: $? = 0
configure:2659: test -z 			 || test ! -s conftest.err
configure:2662: $? = 0
configure:2665: test -s conftest.o
configure:2668: $? = 0
configure:2681: result: yes
configure:2687: checking whether gcc accepts -g
configure:2708: gcc -c -g  conftest.c >&5
configure:2714: $? = 0
configure:2717: test -z 			 || test ! -s conftest.err
configure:2720: $? = 0
configure:2723: test -s conftest.o
configure:2726: $? = 0
configure:2737: result: yes
configure:2754: checking for gcc option to accept ANSI C
configure:2824: gcc  -c -g -O2  conftest.c >&5
configure:2830: $? = 0
configure:2833: test -z 			 || test ! -s conftest.err
configure:2836: $? = 0
configure:2839: test -s conftest.o
configure:2842: $? = 0
configure:2860: result: none needed
configure:2878: gcc -c -g -O2  conftest.c >&5
conftest.c:2: error: syntax error before 'me'
configure:2884: $? = 1
configure: failed program was:
| #ifndef __cplusplus
|   choke me
| #endif
configure:3025: checking for style of include used by make
configure:3053: result: GNU
configure:3081: checking dependency style of gcc
configure:3171: result: gcc3
configure:3240: checking for g++
configure:3256: found /usr/bin/g++
configure:3266: result: g++
configure:3282: checking for C++ compiler version
configure:3285: g++ --version </dev/null >&5
g++ (GCC) 4.0.3 (Ubuntu 4.0.3-1ubuntu5)
Copyright (C) 2006 Free Software Foundation, Inc.
This is free software; see the source for copying conditions.  There is NO
warranty; not even for MERCHANTABILITY or FITNESS FOR A PARTICULAR PURPOSE.

configure:3288: $? = 0
configure:3290: g++ -v </dev/null >&5
Using built-in specs.
Target: x86_64-linux-gnu
Configured with: ../src/configure -v --enable-languages=c,c++,java,f95,objc,ada,treelang --prefix=/usr --enable-shared --with-system-zlib --libexecdir=/usr/lib --without-included-gettext --enable-threads=posix --enable-nls --program-suffix=-4.0 --enable-__cxa_atexit --enable-clocale=gnu --enable-libstdcxx-debug --enable-java-awt=gtk-default --enable-gtk-cairo --with-java-home=/usr/lib/jvm/java-1.4.2-gcj-4.0-1.4.2.0/jre --enable-mpfr --disable-werror --enable-checking=release x86_64-linux-gnu
Thread model: posix
gcc version 4.0.3 (Ubuntu 4.0.3-1ubuntu5)
configure:3293: $? = 0
configure:3295: g++ -V </dev/null >&5
g++: '-V' option must have argument
configure:3298: $? = 1
configure:3301: checking whether we are using the GNU C++ compiler
configure:3325: g++ -c   conftest.cc >&5
configure:3331: $? = 0
configure:3334: test -z 			 || test ! -s conftest.err
configure:3337: $? = 0
configure:3340: test -s conftest.o
configure:3343: $? = 0
configure:3356: result: yes
configure:3362: checking whether g++ accepts -g
configure:3383: g++ -c -g  conftest.cc >&5
configure:3389: $? = 0
configure:3392: test -z 			 || test ! -s conftest.err
configure:3395: $? = 0
configure:3398: test -s conftest.o
configure:3401: $? = 0
configure:3412: result: yes
configure:3454: g++ -c -g -O2  conftest.cc >&5
configure:3460: $? = 0
configure:3463: test -z 			 || test ! -s conftest.err
configure:3466: $? = 0
configure:3469: test -s conftest.o
configure:3472: $? = 0
configure:3498: g++ -c -g -O2  conftest.cc >&5
conftest.cc: In function 'int main()':
conftest.cc:17: error: 'exit' was not declared in this scope
configure:3504: $? = 1
configure: failed program was:
| /* confdefs.h.  */
| 
| #define PACKAGE_NAME "gc"
| #define PACKAGE_TARNAME "gc"
| #define PACKAGE_VERSION "6.7"
| #define PACKAGE_STRING "gc 6.7"
| #define PACKAGE_BUGREPORT "Hans.Boehm@hp.com"
| #define GC_VERSION_MAJOR 6
| #define GC_VERSION_MINOR 7
| #define PACKAGE "gc"
| #define VERSION "6.7"
| /* end confdefs.h.  */
| 
| int
| main ()
| {
| exit (42);
|   ;
|   return 0;
| }
configure:3454: g++ -c -g -O2  conftest.cc >&5
configure:3460: $? = 0
configure:3463: test -z 			 || test ! -s conftest.err
configure:3466: $? = 0
configure:3469: test -s conftest.o
configure:3472: $? = 0
configure:3498: g++ -c -g -O2  conftest.cc >&5
configure:3504: $? = 0
configure:3507: test -z 			 || test ! -s conftest.err
configure:3510: $? = 0
configure:3513: test -s conftest.o
configure:3516: $? = 0
configure:3541: checking dependency style of g++
configure:3631: result: gcc3
configure:3697: checking for ar
configure:3713: found /usr/bin/ar
configure:3723: result: ar
configure:3776: checking for ranlib
configure:3792: found /usr/bin/ranlib
configure:3803: result: ranlib
configure:3829: checking for a BSD-compatible install
configure:3884: result: /usr/bin/install -c
configure:3896: checking whether to enable maintainer-specific portions of Makefiles
configure:3905: result: no
configure:4204: checking for xlc
configure:4227: gcc -c -g -O2  conftest.c >&5
conftest.c:22:4: error: #error 
configure:4233: $? = 1
configure: failed program was:
| /* confdefs.h.  */
| 
| #define PACKAGE_NAME "gc"
| #define PACKAGE_TARNAME "gc"
| #define PACKAGE_VERSION "6.7"
| #define PACKAGE_STRING "gc 6.7"
| #define PACKAGE_BUGREPORT "Hans.Boehm@hp.com"
| #define GC_VERSION_MAJOR 6
| #define GC_VERSION_MINOR 7
| #define PACKAGE "gc"
| #define VERSION "6.7"
| #ifdef __cplusplus
| extern "C" void std::exit (int) throw (); using std::exit;
| #endif
| /* end confdefs.h.  */
| 
| int
| main ()
| {
| 
|  #ifndef __xlC__
|  # error
|  #endif
| 
|   ;
|   return 0;
| }
configure:4255: result: no
configure:4280: checking for dlopen in -ldl
configure:4310: gcc -o conftest -g -O2   conftest.c -ldl   >&5
configure:4316: $? = 0
configure:4319: test -z 			 || test ! -s conftest.err
configure:4322: $? = 0
configure:4325: test -s conftest
configure:4328: $? = 0
configure:4341: result: yes
configure:4405: checking whether to build shared libraries
configure:4437: result: yes
configure:4444: checking which machine-dependent code should be used
configure:4507: result: 
configure:4583: checking for ld used by GCC
configure:4646: result: /usr/bin/ld
configure:4655: checking if the linker (/usr/bin/ld) is GNU ld
GNU ld version 2.16.91 20060118 Debian GNU/Linux
configure:4667: result: yes
configure:4672: checking for /usr/bin/ld option to reload object files
configure:4679: result: -r
configure:4684: checking for BSD-compatible nm
configure:4720: result: /usr/bin/nm -B
configure:4723: checking whether ln -s works
configure:4727: result: yes
configure:4734: checking how to recognise dependant libraries
configure:4912: result: file_magic ELF [0-9][0-9]*-bit [LM]SB (shared object|dynamic lib )
configure:4924: checking command to parse /usr/bin/nm -B output
configure:5005: gcc -c -g -O2  conftest.c >&5
configure:5008: $? = 0
configure:5012: /usr/bin/nm -B conftest.o \| sed -n -e 's/^.*[ 	]\([ABCDGISTW][ABCDGISTW]*\)[ 	][ 	]*\(\)\([_A-Za-z][_A-Za-z0-9]*\)$/\1 \2\3 \3/p' \> conftest.nm
configure:5015: $? = 0
configure:5067: gcc -o conftest -g -O2   conftest.c conftstm.o >&5
configure:5070: $? = 0
configure:5114: result: ok
configure:5123: checking how to run the C preprocessor
configure:5158: gcc -E  conftest.c
configure:5164: $? = 0
configure:5196: gcc -E  conftest.c
conftest.c:16:28: error: ac_nonexistent.h: No such file or directory
configure:5202: $? = 1
configure: failed program was:
| /* confdefs.h.  */
| 
| #define PACKAGE_NAME "gc"
| #define PACKAGE_TARNAME "gc"
| #define PACKAGE_VERSION "6.7"
| #define PACKAGE_STRING "gc 6.7"
| #define PACKAGE_BUGREPORT "Hans.Boehm@hp.com"
| #define GC_VERSION_MAJOR 6
| #define GC_VERSION_MINOR 7
| #define PACKAGE "gc"
| #define VERSION "6.7"
| #ifdef __cplusplus
| extern "C" void std::exit (int) throw (); using std::exit;
| #endif
| /* end confdefs.h.  */
| #include <ac_nonexistent.h>
configure:5241: result: gcc -E
configure:5265: gcc -E  conftest.c
configure:5271: $? = 0
configure:5303: gcc -E  conftest.c
conftest.c:16:28: error: ac_nonexistent.h: No such file or directory
configure:5309: $? = 1
configure: failed program was:
| /* confdefs.h.  */
| 
| #define PACKAGE_NAME "gc"
| #define PACKAGE_TARNAME "gc"
| #define PACKAGE_VERSION "6.7"
| #define PACKAGE_STRING "gc 6.7"
| #define PACKAGE_BUGREPORT "Hans.Boehm@hp.com"
| #define GC_VERSION_MAJOR 6
| #define GC_VERSION_MINOR 7
| #define PACKAGE "gc"
| #define VERSION "6.7"
| #ifdef __cplusplus
| extern "C" void std::exit (int) throw (); using std::exit;
| #endif
| /* end confdefs.h.  */
| #include <ac_nonexistent.h>
configure:5353: checking for egrep
configure:5363: result: grep -E
configure:5368: checking for ANSI C header files
configure:5393: gcc -c -g -O2  conftest.c >&5
configure:5399: $? = 0
configure:5402: test -z 			 || test ! -s conftest.err
configure:5405: $? = 0
configure:5408: test -s conftest.o
configure:5411: $? = 0
configure:5500: gcc -o conftest -g -O2   conftest.c  >&5
conftest.c: In function 'main':
conftest.c:33: warning: incompatible implicit declaration of built-in function 'exit'
configure:5503: $? = 0
configure:5505: ./conftest
configure:5508: $? = 0
configure:5523: result: yes
configure:5547: checking for sys/types.h
configure:5563: gcc -c -g -O2  conftest.c >&5
configure:5569: $? = 0
configure:5572: test -z 			 || test ! -s conftest.err
configure:5575: $? = 0
configure:5578: test -s conftest.o
configure:5581: $? = 0
configure:5592: result: yes
configure:5547: checking for sys/stat.h
configure:5563: gcc -c -g -O2  conftest.c >&5
configure:5569: $? = 0
configure:5572: test -z 			 || test ! -s conftest.err
configure:5575: $? = 0
configure:5578: test -s conftest.o
configure:5581: $? = 0
configure:5592: result: yes
configure:5547: checking for stdlib.h
configure:5563: gcc -c -g -O2  conftest.c >&5
configure:5569: $? = 0
configure:5572: test -z 			 || test ! -s conftest.err
configure:5575: $? = 0
configure:5578: test -s conftest.o
configure:5581: $? = 0
configure:5592: result: yes
configure:5547: checking for string.h
configure:5563: gcc -c -g -O2  conftest.c >&5
configure:5569: $? = 0
configure:5572: test -z 			 || test ! -s conftest.err
configure:5575: $? = 0
configure:5578: test -s conftest.o
configure:5581: $? = 0
configure:5592: result: yes
configure:5547: checking for memory.h
configure:5563: gcc -c -g -O2  conftest.c >&5
configure:5569: $? = 0
configure:5572: test -z 			 || test ! -s conftest.err
configure:5575: $? = 0
configure:5578: test -s conftest.o
configure:5581: $? = 0
configure:5592: result: yes
configure:5547: checking for strings.h
configure:5563: gcc -c -g -O2  conftest.c >&5
configure:5569: $? = 0
configure:5572: test -z 			 || test ! -s conftest.err
configure:5575: $? = 0
configure:5578: test -s conftest.o
configure:5581: $? = 0
configure:5592: result: yes
configure:5547: checking for inttypes.h
configure:5563: gcc -c -g -O2  conftest.c >&5
configure:5569: $? = 0
configure:5572: test -z 			 || test ! -s conftest.err
configure:5575: $? = 0
configure:5578: test -s conftest.o
configure:5581: $? = 0
configure:5592: result: yes
configure:5547: checking for stdint.h
configure:5563: gcc -c -g -O2  conftest.c >&5
configure:5569: $? = 0
configure:5572: test -z 			 || test ! -s conftest.err
configure:5575: $? = 0
configure:5578: test -s conftest.o
configure:5581: $? = 0
configure:5592: result: yes
configure:5547: checking for unistd.h
configure:5563: gcc -c -g -O2  conftest.c >&5
configure:5569: $? = 0
configure:5572: test -z 			 || test ! -s conftest.err
configure:5575: $? = 0
configure:5578: test -s conftest.o
configure:5581: $? = 0
configure:5592: result: yes
configure:5618: checking dlfcn.h usability
configure:5630: gcc -c -g -O2  conftest.c >&5
configure:5636: $? = 0
configure:5639: test -z 			 || test ! -s conftest.err
configure:5642: $? = 0
configure:5645: test -s conftest.o
configure:5648: $? = 0
configure:5658: result: yes
configure:5662: checking dlfcn.h presence
configure:5672: gcc -E  conftest.c
configure:5678: $? = 0
configure:5698: result: yes
configure:5733: checking for dlfcn.h
configure:5740: result: yes
configure:5761: checking for file
configure:5816: result: /usr/bin/file
configure:5937: checking for ranlib
configure:5964: result: ranlib
configure:6017: checking for strip
configure:6033: found /usr/bin/strip
configure:6044: result: strip
configure:6265: checking for objdir
configure:6276: result: .libs
configure:6297: checking for gcc option to produce PIC
configure:6447: result: -fPIC
configure:6451: checking if gcc PIC flag -fPIC works
configure:6474: gcc -c -g -O2 -fPIC -DPIC  conftest.c >&5
configure:6480: $? = 0
configure:6483: test -z 			 || test ! -s conftest.err
configure:6486: $? = 0
configure:6489: test -s conftest.o
configure:6492: $? = 0
configure:6530: result: yes
configure:6550: checking if gcc static flag -static works
configure:6574: gcc -o conftest -g -O2   -static conftest.c  >&5
configure:6580: $? = 0
configure:6583: test -z 			 || test ! -s conftest.err
configure:6586: $? = 0
configure:6589: test -s conftest
configure:6592: $? = 0
configure:6609: result: yes
configure:6625: checking if gcc supports -c -o file.o
configure:6645: gcc -c -g -O2 -o out/conftest2.o  conftest.c >&5
configure:6669: result: yes
configure:6674: checking if gcc supports -c -o file.lo
configure:6701: gcc -c -g -O2 -c -o conftest.lo  conftest.c >&5
configure:6707: $? = 0
configure:6710: test -z 			 || test ! -s conftest.err
configure:6713: $? = 0
configure:6716: test -s conftest.lo
configure:6719: $? = 0
configure:6741: result: yes
configure:6780: checking if gcc supports -fno-rtti -fno-exceptions
configure:6802: gcc -c -g -O2 -fno-rtti -fno-exceptions -c conftest.c  conftest.c >&5
cc1: warning: command line option "-fno-rtti" is valid for C++/ObjC++ but not for C
cc1: warning: command line option "-fno-rtti" is valid for C++/ObjC++ but not for C
configure:6808: $? = 0
configure:6811: test -z 			 || test ! -s conftest.err
configure:6814: $? = 0
configure:6817: test -s conftest.o
configure:6820: $? = 0
configure:6837: result: no
configure:6852: checking whether the linker (/usr/bin/ld) supports shared libraries
configure:7532: result: yes
configure:7541: checking how to hardcode library paths into programs
configure:7565: result: immediate
configure:7574: checking whether stripping libraries is possible
configure:7579: result: yes
configure:7594: checking dynamic linker characteristics
configure:7987: result: GNU/Linux ld.so
configure:7996: checking if libtool supports shared libraries
configure:7998: result: yes
configure:8005: checking whether to build shared libraries
configure:8026: result: yes
configure:8033: checking whether to build static libraries
configure:8037: result: yes
configure:8785: checking whether -lc should be explicitly linked in
configure:8793: gcc -c -g -O2  conftest.c >&5
configure:8796: $? = 0
configure:8810: gcc -shared conftest.o  -v -Wl,-soname -Wl,conftest -o conftest 2\>\&1 \| grep  -lc  \>/dev/null 2\>\&1
configure:8813: $? = 0
configure:8826: result: no
configure:9417: checking sys/dg_sys_info.h usability
configure:9429: gcc -c -g -O2  conftest.c >&5
conftest.c:61:29: error: sys/dg_sys_info.h: No such file or directory
configure:9435: $? = 1
configure: failed program was:
| /* confdefs.h.  */
| 
| #define PACKAGE_NAME "gc"
| #define PACKAGE_TARNAME "gc"
| #define PACKAGE_VERSION "6.7"
| #define PACKAGE_STRING "gc 6.7"
| #define PACKAGE_BUGREPORT "Hans.Boehm@hp.com"
| #define GC_VERSION_MAJOR 6
| #define GC_VERSION_MINOR 7
| #define PACKAGE "gc"
| #define VERSION "6.7"
| #ifdef __cplusplus
| extern "C" void std::exit (int) throw (); using std::exit;
| #endif
| #define STDC_HEADERS 1
| #define HAVE_SYS_TYPES_H 1
| #define HAVE_SYS_STAT_H 1
| #define HAVE_STDLIB_H 1
| #define HAVE_STRING_H 1
| #define HAVE_MEMORY_H 1
| #define HAVE_STRINGS_H 1
| #define HAVE_INTTYPES_H 1
| #define HAVE_STDINT_H 1
| #define HAVE_UNISTD_H 1
| #define HAVE_DLFCN_H 1
| /* end confdefs.h.  */
| #include <stdio.h>
| #if HAVE_SYS_TYPES_H
| # include <sys/types.h>
| #endif
| #if HAVE_SYS_STAT_H
| # include <sys/stat.h>
| #endif
| #if STDC_HEADERS
| # include <stdlib.h>
| # include <stddef.h>
| #else
| # if HAVE_STDLIB_H
| #  include <stdlib.h>
| # endif
| #endif
| #if HAVE_STRING_H
| # if !STDC_HEADERS && HAVE_MEMORY_H
| #  include <memory.h>
| # endif
| # include <string.h>
| #endif
| #if HAVE_STRINGS_H
| # include <strings.h>
| #endif
| #if HAVE_INTTYPES_H
| # include <inttypes.h>
| #else
| # if HAVE_STDINT_H
| #  include <stdint.h>
| # endif
| #endif
| #if HAVE_UNISTD_H
| # include <unistd.h>
| #endif
| #include <sys/dg_sys_info.h>
configure:9457: result: no
configure:9461: checking sys/dg_sys_info.h presence
configure:9471: gcc -E  conftest.c
conftest.c:27:29: error: sys/dg_sys_info.h: No such file or directory
configure:9477: $? = 1
configure: failed program was:
| /* confdefs.h.  */
| 
| #define PACKAGE_NAME "gc"
| #define PACKAGE_TARNAME "gc"
| #define PACKAGE_VERSION "6.7"
| #define PACKAGE_STRING "gc 6.7"
| #define PACKAGE_BUGREPORT "Hans.Boehm@hp.com"
| #define GC_VERSION_MAJOR 6
| #define GC_VERSION_MINOR 7
| #define PACKAGE "gc"
| #define VERSION "6.7"
| #ifdef __cplusplus
| extern "C" void std::exit (int) throw (); using std::exit;
| #endif
| #define STDC_HEADERS 1
| #define HAVE_SYS_TYPES_H 1
| #define HAVE_SYS_STAT_H 1
| #define HAVE_STDLIB_H 1
| #define HAVE_STRING_H 1
| #define HAVE_MEMORY_H 1
| #define HAVE_STRINGS_H 1
| #define HAVE_INTTYPES_H 1
| #define HAVE_STDINT_H 1
| #define HAVE_UNISTD_H 1
| #define HAVE_DLFCN_H 1
| /* end confdefs.h.  */
| #include <sys/dg_sys_info.h>
configure:9497: result: no
configure:9532: checking for sys/dg_sys_info.h
configure:9539: result: no
configure:9586: checking whether Solaris gcc optimization fix is necessary
configure:9609: result: no
configure:10025: creating ./config.status

## ---------------------- ##
## Running config.status. ##
## ---------------------- ##

This file was extended by gc config.status 6.7, which was
generated by GNU Autoconf 2.59.  Invocation command line was

  CONFIG_FILES    = 
  CONFIG_HEADERS  = 
  CONFIG_LINKS    = 
  CONFIG_COMMANDS = 
  $ ./config.status 

on Maquinola

config.status:780: creating Makefile
config.status:780: creating doc/Makefile
config.status:780: creating include/Makefile
config.status:925: executing depfiles commands
config.status:925: executing default commands

## ---------------- ##
## Cache variables. ##
## ---------------- ##

ac_cv_build=x86_64-unknown-linux-gnu
ac_cv_build_alias=x86_64-unknown-linux-gnu
ac_cv_c_compiler_gnu=yes
ac_cv_cxx_compiler_gnu=yes
ac_cv_env_CCASFLAGS_set=
ac_cv_env_CCASFLAGS_value=
ac_cv_env_CCAS_set=
ac_cv_env_CCAS_value=
ac_cv_env_CC_set=
ac_cv_env_CC_value=
ac_cv_env_CFLAGS_set=
ac_cv_env_CFLAGS_value=
ac_cv_env_CPPFLAGS_set=
ac_cv_env_CPPFLAGS_value=
ac_cv_env_CPP_set=
ac_cv_env_CPP_value=
ac_cv_env_CXXFLAGS_set=
ac_cv_env_CXXFLAGS_value=
ac_cv_env_CXX_set=
ac_cv_env_CXX_value=
ac_cv_env_LDFLAGS_set=
ac_cv_env_LDFLAGS_value=
ac_cv_env_build_alias_set=
ac_cv_env_build_alias_value=
ac_cv_env_host_alias_set=
ac_cv_env_host_alias_value=
ac_cv_env_target_alias_set=
ac_cv_env_target_alias_value=
ac_cv_exeext=
ac_cv_header_dlfcn_h=yes
ac_cv_header_inttypes_h=yes
ac_cv_header_memory_h=yes
ac_cv_header_stdc=yes
ac_cv_header_stdint_h=yes
ac_cv_header_stdlib_h=yes
ac_cv_header_string_h=yes
ac_cv_header_strings_h=yes
ac_cv_header_sys_dg_sys_info_h=no
ac_cv_header_sys_stat_h=yes
ac_cv_header_sys_types_h=yes
ac_cv_header_unistd_h=yes
ac_cv_host=x86_64-unknown-linux-gnu
ac_cv_host_alias=x86_64-unknown-linux-gnu
ac_cv_lib_dl_dlopen=yes
ac_cv_objext=o
ac_cv_path_install='/usr/bin/install -c'
ac_cv_prog_AWK=mawk
ac_cv_prog_CPP='gcc -E'
ac_cv_prog_ac_ct_AR=ar
ac_cv_prog_ac_ct_CC=gcc
ac_cv_prog_ac_ct_CXX=g++
ac_cv_prog_ac_ct_RANLIB=ranlib
ac_cv_prog_ac_ct_STRIP=strip
ac_cv_prog_cc_g=yes
ac_cv_prog_cc_stdc=
ac_cv_prog_cxx_g=yes
ac_cv_prog_egrep='grep -E'
ac_cv_prog_make_make_set=yes
ac_cv_target=x86_64-unknown-linux-gnu
ac_cv_target_alias=x86_64-unknown-linux-gnu
am_cv_CC_dependencies_compiler_type=gcc3
am_cv_CXX_dependencies_compiler_type=gcc3
lt_cv_archive_cmds_need_lc=no
lt_cv_compiler_c_o=yes
lt_cv_compiler_o_lo=yes
lt_cv_deplibs_check_method='file_magic ELF [0-9][0-9]*-bit [LM]SB (shared object|dynamic lib )'
lt_cv_file_magic_cmd='$MAGIC_CMD'
lt_cv_file_magic_test_file='/lib/libc.so.6 /lib/libc-2.3.6.so'
lt_cv_global_symbol_to_c_name_address='sed -n -e '\''s/^: \([^ ]*\) $/  {\"\1\", (lt_ptr) 0},/p'\'' -e '\''s/^[BCDEGRST] \([^ ]*\) \([^ ]*\)$/  {"\2", (lt_ptr) \&\2},/p'\'''
lt_cv_global_symbol_to_cdecl='sed -n -e '\''s/^. .* \(.*\)$/extern char \1;/p'\'''
lt_cv_ld_reload_flag=-r
lt_cv_path_LD=/usr/bin/ld
lt_cv_path_MAGIC_CMD=/usr/bin/file
lt_cv_path_NM='/usr/bin/nm -B'
lt_cv_prog_cc_can_build_shared=yes
lt_cv_prog_cc_no_builtin=
lt_cv_prog_cc_pic=' -fPIC'
lt_cv_prog_cc_pic_works=yes
lt_cv_prog_cc_shlib=
lt_cv_prog_cc_static=-static
lt_cv_prog_cc_static_works=yes
lt_cv_prog_cc_wl=-Wl,
lt_cv_prog_gnu_ld=yes
lt_cv_sys_global_symbol_pipe='sed -n -e '\''s/^.*[ 	]\([ABCDGISTW][ABCDGISTW]*\)[ 	][ 	]*\(\)\([_A-Za-z][_A-Za-z0-9]*\)$/\1 \2\3 \3/p'\'''

## ----------------- ##
## Output variables. ##
## ----------------- ##

ACLOCAL='${SHELL} /home/julian/amd64Tiger/gc/gc6.7/missing --run aclocal-1.9'
AMDEPBACKSLASH='\'
AMDEP_FALSE='#'
AMDEP_TRUE=''
AMTAR='${SHELL} /home/julian/amd64Tiger/gc/gc6.7/missing --run tar'
AR='ar'
AUTOCONF='${SHELL} /home/julian/amd64Tiger/gc/gc6.7/missing --run autoconf'
AUTOHEADER='${SHELL} /home/julian/amd64Tiger/gc/gc6.7/missing --run autoheader'
AUTOMAKE='${SHELL} /home/julian/amd64Tiger/gc/gc6.7/missing --run automake-1.9'
AWK='mawk'
CC='gcc'
CCAS='gcc'
CCASFLAGS='-g -O2'
CCDEPMODE='depmode=gcc3'
CFLAGS='-g -O2'
COMPILER_XLC_FALSE=''
COMPILER_XLC_TRUE='#'
CPLUSPLUS_FALSE=''
CPLUSPLUS_TRUE='#'
CPP='gcc -E'
CPPFLAGS=''
CXX='g++'
CXXDEPMODE='depmode=gcc3'
CXXFLAGS='-g -O2'
CXXINCLUDES=''
CYGPATH_W='echo'
DEFS='-DPACKAGE_NAME=\"gc\" -DPACKAGE_TARNAME=\"gc\" -DPACKAGE_VERSION=\"6.7\" -DPACKAGE_STRING=\"gc\ 6.7\" -DPACKAGE_BUGREPORT=\"Hans.Boehm@hp.com\" -DGC_VERSION_MAJOR=6 -DGC_VERSION_MINOR=7 -DPACKAGE=\"gc\" -DVERSION=\"6.7\" -DSTDC_HEADERS=1 -DHAVE_SYS_TYPES_H=1 -DHAVE_SYS_STAT_H=1 -DHAVE_STDLIB_H=1 -DHAVE_STRING_H=1 -DHAVE_MEMORY_H=1 -DHAVE_STRINGS_H=1 -DHAVE_INTTYPES_H=1 -DHAVE_STDINT_H=1 -DHAVE_UNISTD_H=1 -DHAVE_DLFCN_H=1 -DSILENT=1 -DNO_SIGNALS=1 -DNO_EXECUTE_PERMISSION=1 -DALL_INTERIOR_POINTERS=1 -DJAVA_FINALIZATION=1 -DGC_GCJ_SUPPORT=1 -DATOMIC_UNCOLLECTABLE=1 '
DEPDIR='.deps'
ECHO='echo'
ECHO_C=''
ECHO_N='-n'
ECHO_T=''
EGREP='grep -E'
EXEEXT=''
EXTRA_TEST_LIBS=''
GC_CFLAGS=' -fexceptions'
GC_VERSION=''
INCLUDES='-I./include'
INSTALL_DATA='${INSTALL} -m 644'
INSTALL_PROGRAM='${INSTALL}'
INSTALL_SCRIPT='${INSTALL}'
INSTALL_STRIP_PROGRAM='${SHELL} $(install_sh) -c -s'
LDFLAGS=''
LIBOBJS=''
LIBS=''
LIBTOOL='$(SHELL) $(top_builddir)/libtool'
LN_S='ln -s'
LTLIBOBJS=''
MAINT='#'
MAINTAINER_MODE_FALSE=''
MAINTAINER_MODE_TRUE='#'
MAKEINFO='${SHELL} /home/julian/amd64Tiger/gc/gc6.7/missing --run makeinfo'
MY_CFLAGS='-g -O2'
OBJEXT='o'
PACKAGE='gc'
PACKAGE_BUGREPORT='Hans.Boehm@hp.com'
PACKAGE_NAME='gc'
PACKAGE_STRING='gc 6.7'
PACKAGE_TARNAME='gc'
PACKAGE_VERSION='6.7'
PATH_SEPARATOR=':'
POWERPC_DARWIN_FALSE=''
POWERPC_DARWIN_TRUE='#'
RANLIB='ranlib'
SET_MAKE=''
SHELL='/bin/sh'
STRIP='strip'
THREADDLLIBS=' -ldl'
UNWINDLIBS=''
USE_LIBDIR_FALSE='#'
USE_LIBDIR_TRUE=''
VERSION='6.7'
ac_ct_AR='ar'
ac_ct_CC='gcc'
ac_ct_CXX='g++'
ac_ct_RANLIB='ranlib'
ac_ct_STRIP='strip'
addincludes=''
addlibs=''
addobjs=' mach_dep.lo'
addtests=''
am__fastdepCC_FALSE='#'
am__fastdepCC_TRUE=''
am__fastdepCXX_FALSE='#'
am__fastdepCXX_TRUE=''
am__include='include'
am__leading_dot='.'
am__quote=''
am__tar='${AMTAR} chof - "$$tardir"'
am__untar='${AMTAR} xf -'
bindir='${exec_prefix}/bin'
build='x86_64-unknown-linux-gnu'
build_alias=''
build_cpu='x86_64'
build_os='linux-gnu'
build_vendor='unknown'
datadir='${prefix}/share'
exec_prefix='${prefix}'
host='x86_64-unknown-linux-gnu'
host_alias=''
host_cpu='x86_64'
host_os='linux-gnu'
host_vendor='unknown'
includedir='${prefix}/include'
infodir='${prefix}/info'
install_sh='/home/julian/amd64Tiger/gc/gc6.7/install-sh'
libdir='${exec_prefix}/lib'
libexecdir='${exec_prefix}/libexec'
localstatedir='${prefix}/var'
mandir='${prefix}/man'
mkdir_p='mkdir -p --'
oldincludedir='/usr/include'
prefix='/home/julian/amd64Tiger/gc/'
program_transform_name='s,x,x,'
sbindir='${exec_prefix}/sbin'
sharedstatedir='${prefix}/com'
sysconfdir='${prefix}/etc'
target='x86_64-unknown-linux-gnu'
target_alias=''
target_all='libgc.la'
target_cpu='x86_64'
target_os='linux-gnu'
target_vendor='unknown'

## ----------- ##
## confdefs.h. ##
## ----------- ##

#define ALL_INTERIOR_POINTERS 1
#define ATOMIC_UNCOLLECTABLE 1
#define GC_GCJ_SUPPORT 1
#define GC_VERSION_MAJOR 6
#define GC_VERSION_MINOR 7
#define HAVE_DLFCN_H 1
#define HAVE_INTTYPES_H 1
#define HAVE_MEMORY_H 1
#define HAVE_STDINT_H 1
#define HAVE_STDLIB_H 1
#define HAVE_STRINGS_H 1
#define HAVE_STRING_H 1
#define HAVE_SYS_STAT_H 1
#define HAVE_SYS_TYPES_H 1
#define HAVE_UNISTD_H 1
#define JAVA_FINALIZATION 1
#define NO_EXECUTE_PERMISSION 1
#define NO_SIGNALS 1
#define PACKAGE "gc"
#define PACKAGE_BUGREPORT "Hans.Boehm@hp.com"
#define PACKAGE_NAME "gc"
#define PACKAGE_STRING "gc 6.7"
#define PACKAGE_TARNAME "gc"
#define PACKAGE_VERSION "6.7"
#define SILENT 1
#define STDC_HEADERS 1
#define VERSION "6.7"
#endif
#ifdef __cplusplus
extern "C" void std::exit (int) throw (); using std::exit;

configure: exit 0
